{"timestamp":"2026-03-25T20:52:43.868Z","eventName":"form_submit","kind":"submit","label":"Formulario demo submit","module":"examples/logging","route":"/dashboard/ejemplos/demos","cod_usuario":"4","extra":{"source":"LoggingDemosForm"}}
{"timestamp":"2026-03-25T21:12:26.696Z","eventName":"toggle_modulo","kind":"toggle","module":"dashboard/ui/modulos","cod_usuario":"4","extra":{"moduloId":4,"nextOpen":true}}
{"timestamp":"2026-03-25T21:12:33.795Z","eventName":"toggle_menu","kind":"toggle","module":"dashboard/ui/modulos","cod_usuario":"4","extra":{"moduloId":4,"menuId":1,"nextOpen":true}}
{"timestamp":"2026-03-25T21:12:55.185Z","eventName":"toggle_menu","kind":"toggle","module":"dashboard/ui/modulos","cod_usuario":"4","extra":{"moduloId":4,"menuId":1,"nextOpen":false}}
{"timestamp":"2026-03-25T21:12:55.866Z","eventName":"toggle_menu","kind":"toggle","module":"dashboard/ui/modulos","cod_usuario":"4","extra":{"moduloId":4,"menuId":1,"nextOpen":true}}
{"timestamp":"2026-03-25T21:13:05.823Z","eventName":"toggle_menu","kind":"toggle","module":"dashboard/ui/modulos","cod_usuario":"4","extra":{"moduloId":4,"menuId":1,"nextOpen":false}}
{"timestamp":"2026-03-25T21:13:06.559Z","eventName":"toggle_menu","kind":"toggle","module":"dashboard/ui/modulos","cod_usuario":"4","extra":{"moduloId":4,"menuId":1,"nextOpen":true}}
{"timestamp":"2026-03-25T21:13:07.084Z","eventName":"toggle_menu","kind":"toggle","module":"dashboard/ui/modulos","cod_usuario":"4","extra":{"moduloId":4,"menuId":1,"nextOpen":false}}
{"timestamp":"2026-03-25T21:13:07.438Z","eventName":"toggle_menu","kind":"toggle","module":"dashboard/ui/modulos","cod_usuario":"4","extra":{"moduloId":4,"menuId":1,"nextOpen":true}}
{"timestamp":"2026-03-25T21:13:07.725Z","eventName":"toggle_menu","kind":"toggle","module":"dashboard/ui/modulos","cod_usuario":"4","extra":{"moduloId":4,"menuId":1,"nextOpen":false}}
{"timestamp":"2026-03-25T21:13:07.990Z","eventName":"toggle_menu","kind":"toggle","module":"dashboard/ui/modulos","cod_usuario":"4","extra":{"moduloId":4,"menuId":1,"nextOpen":true}}
{"timestamp":"2026-03-25T21:13:08.254Z","eventName":"toggle_menu","kind":"toggle","module":"dashboard/ui/modulos","cod_usuario":"4","extra":{"moduloId":4,"menuId":1,"nextOpen":false}}
{"timestamp":"2026-03-25T21:13:08.504Z","eventName":"toggle_menu","kind":"toggle","module":"dashboard/ui/modulos","cod_usuario":"4","extra":{"moduloId":4,"menuId":1,"nextOpen":true}}
{"timestamp":"2026-03-25T21:13:08.734Z","eventName":"toggle_menu","kind":"toggle","module":"dashboard/ui/modulos","cod_usuario":"4","extra":{"moduloId":4,"menuId":1,"nextOpen":false}}
{"timestamp":"2026-03-25T21:13:08.954Z","eventName":"toggle_menu","kind":"toggle","module":"dashboard/ui/modulos","cod_usuario":"4","extra":{"moduloId":4,"menuId":1,"nextOpen":true}}
{"timestamp":"2026-03-25T21:13:09.317Z","eventName":"toggle_menu","kind":"toggle","module":"dashboard/ui/modulos","cod_usuario":"4","extra":{"moduloId":4,"menuId":1,"nextOpen":false}}
{"timestamp":"2026-03-25T21:13:09.413Z","eventName":"toggle_menu","kind":"toggle","module":"dashboard/ui/modulos","cod_usuario":"4","extra":{"moduloId":4,"menuId":1,"nextOpen":true}}
{"timestamp":"2026-03-25T21:13:09.596Z","eventName":"toggle_menu","kind":"toggle","module":"dashboard/ui/modulos","cod_usuario":"4","extra":{"moduloId":4,"menuId":1,"nextOpen":false}}
{"timestamp":"2026-03-25T21:13:09.796Z","eventName":"toggle_menu","kind":"toggle","module":"dashboard/ui/modulos","cod_usuario":"4","extra":{"moduloId":4,"menuId":1,"nextOpen":true}}
{"timestamp":"2026-03-25T21:13:09.991Z","eventName":"toggle_menu","kind":"toggle","module":"dashboard/ui/modulos","cod_usuario":"4","extra":{"moduloId":4,"menuId":1,"nextOpen":false}}
{"timestamp":"2026-03-25T21:13:10.184Z","eventName":"toggle_menu","kind":"toggle","module":"dashboard/ui/modulos","cod_usuario":"4","extra":{"moduloId":4,"menuId":1,"nextOpen":true}}
{"timestamp":"2026-03-25T21:13:10.365Z","eventName":"toggle_menu","kind":"toggle","module":"dashboard/ui/modulos","cod_usuario":"4","extra":{"moduloId":4,"menuId":1,"nextOpen":false}}
{"timestamp":"2026-03-25T21:13:39.009Z","eventName":"toggle_modulo","kind":"toggle","module":"dashboard/ui/modulos","cod_usuario":"4","extra":{"moduloId":4,"nextOpen":false}}
{"timestamp":"2026-03-25T21:13:39.436Z","eventName":"toggle_modulo","kind":"toggle","module":"dashboard/ui/modulos","cod_usuario":"4","extra":{"moduloId":4,"nextOpen":true}}
{"timestamp":"2026-03-25T21:13:40.567Z","eventName":"toggle_modulo","kind":"toggle","module":"dashboard/ui/modulos","cod_usuario":"4","extra":{"moduloId":4,"nextOpen":false}}
