{"timestamp":"2026-03-25T21:14:27.763Z","eventName":"toggle_modulo","kind":"toggle","module":"dashboard/ui/modulos","cod_usuario":"4","extra":{"moduloId":7,"nextOpen":true}}
{"timestamp":"2026-03-25T21:14:30.004Z","eventName":"toggle_modulo","kind":"toggle","module":"dashboard/ui/modulos","cod_usuario":"4","extra":{"moduloId":7,"nextOpen":false}}
{"timestamp":"2026-03-25T21:14:35.418Z","eventName":"toggle_modulo","kind":"toggle","module":"dashboard/ui/modulos","cod_usuario":"4","extra":{"moduloId":12,"nextOpen":true}}
{"timestamp":"2026-03-25T21:14:35.960Z","eventName":"toggle_modulo","kind":"toggle","module":"dashboard/ui/modulos","cod_usuario":"4","extra":{"moduloId":12,"nextOpen":false}}
{"timestamp":"2026-03-25T21:14:36.800Z","eventName":"toggle_modulo","kind":"toggle","module":"dashboard/ui/modulos","cod_usuario":"4","extra":{"moduloId":4,"nextOpen":true}}
{"timestamp":"2026-03-25T21:14:39.671Z","buttonId":"modulos-toggle-menu","label":"Abrir menu","module":"dashboard/ui/modulos","cod_usuario":"4","extra":{"moduloId":4,"menuId":1,"nextOpen":true}}
{"timestamp":"2026-03-25T21:14:39.680Z","eventName":"toggle_menu","kind":"toggle","module":"dashboard/ui/modulos","cod_usuario":"4","extra":{"moduloId":4,"menuId":1,"nextOpen":true}}
{"timestamp":"2026-03-25T21:14:40.719Z","buttonId":"modulos-select-categoria","label":"Seleccionar categoria","module":"dashboard/ui/modulos","route":"/dashboard//configuracion/crud/catalogo_documentacion","cod_usuario":"4","extra":{"moduloId":4,"menuId":1,"categoriaId":16,"moduloNombre":"Configuracion","menuNombre":"Catalogos","categoriaNombre":"Catálogo de Documentación"}}
{"timestamp":"2026-03-25T21:15:09.709Z","buttonId":"modulos-select-categoria","label":"Seleccionar categoria","module":"dashboard/ui/modulos","route":"/dashboard//configuracion/crud/catalogo_errores","cod_usuario":"4","extra":{"moduloId":4,"menuId":1,"categoriaId":15,"moduloNombre":"Configuracion","menuNombre":"Catalogos","categoriaNombre":"Catálogo de Errores"}}
{"timestamp":"2026-03-25T21:15:12.605Z","buttonId":"modulos-select-categoria","label":"Seleccionar categoria","module":"dashboard/ui/modulos","route":"/dashboard//configuracion/crud/catalogo_documentacion","cod_usuario":"4","extra":{"moduloId":4,"menuId":1,"categoriaId":16,"moduloNombre":"Configuracion","menuNombre":"Catalogos","categoriaNombre":"Catálogo de Documentación"}}
{"timestamp":"2026-03-25T21:15:14.023Z","buttonId":"modulos-toggle-menu","label":"Cerrar menu","module":"dashboard/ui/modulos","cod_usuario":"4","extra":{"moduloId":4,"menuId":1,"nextOpen":false}}
{"timestamp":"2026-03-25T21:15:14.032Z","eventName":"toggle_menu","kind":"toggle","module":"dashboard/ui/modulos","cod_usuario":"4","extra":{"moduloId":4,"menuId":1,"nextOpen":false}}
{"timestamp":"2026-03-25T21:39:33.163Z","buttonId":"modulos-toggle-menu","label":"Abrir menu","module":"dashboard/ui/modulos","cod_usuario":"4","extra":{"moduloId":4,"menuId":3,"nextOpen":true}}
{"timestamp":"2026-03-25T21:39:33.165Z","eventName":"toggle_menu","kind":"toggle","module":"dashboard/ui/modulos","cod_usuario":"4","extra":{"moduloId":4,"menuId":3,"nextOpen":true}}
{"timestamp":"2026-03-25T21:39:34.272Z","eventName":"toggle_menu","kind":"toggle","module":"dashboard/ui/modulos","cod_usuario":"4","extra":{"moduloId":4,"menuId":3,"nextOpen":false}}
{"timestamp":"2026-03-25T21:39:34.272Z","buttonId":"modulos-toggle-menu","label":"Cerrar menu","module":"dashboard/ui/modulos","cod_usuario":"4","extra":{"moduloId":4,"menuId":3,"nextOpen":false}}
{"timestamp":"2026-03-25T21:39:35.106Z","buttonId":"modulos-toggle-menu","label":"Abrir menu","module":"dashboard/ui/modulos","cod_usuario":"4","extra":{"moduloId":4,"menuId":1,"nextOpen":true}}
{"timestamp":"2026-03-25T21:39:35.107Z","eventName":"toggle_menu","kind":"toggle","module":"dashboard/ui/modulos","cod_usuario":"4","extra":{"moduloId":4,"menuId":1,"nextOpen":true}}
{"timestamp":"2026-03-25T21:39:35.841Z","buttonId":"modulos-select-categoria","label":"Seleccionar categoria","module":"dashboard/ui/modulos","route":"/dashboard//configuracion/crud/catalogo_documentacion","cod_usuario":"4","extra":{"moduloId":4,"menuId":1,"categoriaId":16,"moduloNombre":"Configuracion","menuNombre":"Catalogos","categoriaNombre":"Catálogo de Documentación"}}
{"timestamp":"2026-03-25T21:39:40.345Z","buttonId":"modulos-select-categoria","label":"Seleccionar categoria","module":"dashboard/ui/modulos","route":"/dashboard//configuracion/crud/catalogo_documentacion","cod_usuario":"4","extra":{"moduloId":4,"menuId":1,"categoriaId":16,"moduloNombre":"Configuracion","menuNombre":"Catalogos","categoriaNombre":"Catálogo de Documentación"}}
{"timestamp":"2026-03-25T21:41:05.470Z","buttonId":"modulos-select-categoria","label":"Seleccionar categoria","module":"dashboard/ui/modulos","route":"/dashboard//configuracion/crud/catalogo_documentacion","cod_usuario":"4","extra":{"moduloId":4,"menuId":1,"categoriaId":16,"moduloNombre":"Configuracion","menuNombre":"Catalogos","categoriaNombre":"Catálogo de Documentación"}}
{"timestamp":"2026-03-25T21:46:25.644Z","eventName":"toggle_modulo","kind":"toggle","module":"dashboard/ui/modulos","cod_usuario":"4","extra":{"moduloId":4,"nextOpen":true}}
{"timestamp":"2026-03-25T21:46:27.296Z","buttonId":"modulos-toggle-menu","label":"Abrir menu","module":"dashboard/ui/modulos","cod_usuario":"4","extra":{"moduloId":4,"menuId":1,"nextOpen":true}}
{"timestamp":"2026-03-25T21:46:27.302Z","eventName":"toggle_menu","kind":"toggle","module":"dashboard/ui/modulos","cod_usuario":"4","extra":{"moduloId":4,"menuId":1,"nextOpen":true}}
{"timestamp":"2026-03-25T21:46:28.353Z","buttonId":"modulos-select-categoria","label":"Seleccionar categoria","module":"dashboard/ui/modulos","route":"/dashboard//configuracion/crud/catalogo_documentacion","cod_usuario":"4","extra":{"moduloId":4,"menuId":1,"categoriaId":16,"moduloNombre":"Configuracion","menuNombre":"Catalogos","categoriaNombre":"Catálogo de Documentación"}}
{"timestamp":"2026-03-25T21:46:32.037Z","buttonId":"modulos-select-categoria","label":"Seleccionar categoria","module":"dashboard/ui/modulos","route":"/dashboard//configuracion/crud/catalogo_documentacion","cod_usuario":"4","extra":{"moduloId":4,"menuId":1,"categoriaId":16,"moduloNombre":"Configuracion","menuNombre":"Catalogos","categoriaNombre":"Catálogo de Documentación"}}
{"timestamp":"2026-03-25T22:04:09.723Z","eventName":"toggle_modulo","kind":"toggle","module":"dashboard/ui/modulos","cod_usuario":"4","extra":{"moduloId":4,"nextOpen":true}}
{"timestamp":"2026-03-25T22:04:10.609Z","buttonId":"modulos-toggle-menu","label":"Abrir menu","module":"dashboard/ui/modulos","cod_usuario":"4","extra":{"moduloId":4,"menuId":7,"nextOpen":true}}
{"timestamp":"2026-03-25T22:04:10.617Z","eventName":"toggle_menu","kind":"toggle","module":"dashboard/ui/modulos","cod_usuario":"4","extra":{"moduloId":4,"menuId":7,"nextOpen":true}}
{"timestamp":"2026-03-25T22:04:11.148Z","buttonId":"modulos-toggle-menu","label":"Abrir menu","module":"dashboard/ui/modulos","cod_usuario":"4","extra":{"moduloId":4,"menuId":1,"nextOpen":true}}
{"timestamp":"2026-03-25T22:04:11.149Z","eventName":"toggle_menu","kind":"toggle","module":"dashboard/ui/modulos","cod_usuario":"4","extra":{"moduloId":4,"menuId":1,"nextOpen":true}}
{"timestamp":"2026-03-25T22:04:12.399Z","buttonId":"modulos-select-categoria","label":"Seleccionar categoria","module":"dashboard/ui/modulos","route":"/dashboard//configuracion/crud/catalogo_errores","cod_usuario":"4","extra":{"moduloId":4,"menuId":1,"categoriaId":15,"moduloNombre":"Configuracion","menuNombre":"Catalogos","categoriaNombre":"Catálogo de Errores"}}
{"timestamp":"2026-03-25T22:23:43.032Z","buttonId":"modulos-toggle-menu","label":"Abrir menu","module":"dashboard/ui/modulos","cod_usuario":"4","extra":{"moduloId":4,"menuId":1,"nextOpen":true}}
{"timestamp":"2026-03-25T22:23:43.034Z","eventName":"toggle_menu","kind":"toggle","module":"dashboard/ui/modulos","cod_usuario":"4","extra":{"moduloId":4,"menuId":1,"nextOpen":true}}
{"timestamp":"2026-03-25T22:23:44.142Z","buttonId":"modulos-select-categoria","label":"Seleccionar categoria","module":"dashboard/ui/modulos","route":"/dashboard//configuracion/crud/catalogo_documentacion","cod_usuario":"4","extra":{"moduloId":4,"menuId":1,"categoriaId":16,"moduloNombre":"Configuracion","menuNombre":"Catalogos","categoriaNombre":"Catálogo de Documentación"}}
{"timestamp":"2026-03-25T22:24:58.796Z","buttonId":"modulos-select-categoria","label":"Seleccionar categoria","module":"dashboard/ui/modulos","route":"/dashboard//configuracion/crud/catalogo_errores","cod_usuario":"4","extra":{"moduloId":4,"menuId":1,"categoriaId":15,"moduloNombre":"Configuracion","menuNombre":"Catalogos","categoriaNombre":"Catálogo de Errores"}}
{"timestamp":"2026-03-25T22:33:47.899Z","buttonId":"modulos-select-categoria","label":"Seleccionar categoria","module":"dashboard/ui/modulos","route":"/dashboard//configuracion/crud/catalogo_documentacion","cod_usuario":"4","extra":{"moduloId":4,"menuId":1,"categoriaId":16,"moduloNombre":"Configuracion","menuNombre":"Catalogos","categoriaNombre":"Catálogo de Documentación"}}
{"timestamp":"2026-03-25T22:34:14.983Z","buttonId":"modulos-select-categoria","label":"Seleccionar categoria","module":"dashboard/ui/modulos","route":"/dashboard//configuracion/crud/catalogo_errores","cod_usuario":"4","extra":{"moduloId":4,"menuId":1,"categoriaId":15,"moduloNombre":"Configuracion","menuNombre":"Catalogos","categoriaNombre":"Catálogo de Errores"}}
{"timestamp":"2026-03-25T22:34:16.169Z","buttonId":"modulos-select-categoria","label":"Seleccionar categoria","module":"dashboard/ui/modulos","route":"/dashboard//configuracion/crud/catalogo_documentacion","cod_usuario":"4","extra":{"moduloId":4,"menuId":1,"categoriaId":16,"moduloNombre":"Configuracion","menuNombre":"Catalogos","categoriaNombre":"Catálogo de Documentación"}}
{"timestamp":"2026-03-25T22:44:04.253Z","buttonId":"modulos-select-categoria","label":"Seleccionar categoria","module":"dashboard/ui/modulos","route":"/dashboard//configuracion/crud/catalogo_errores","cod_usuario":"4","extra":{"moduloId":4,"menuId":1,"categoriaId":15,"moduloNombre":"Configuracion","menuNombre":"Catalogos","categoriaNombre":"Catálogo de Errores"}}
{"timestamp":"2026-03-25T23:30:54.363Z","buttonId":"modulos-toggle-menu","label":"Abrir menu","module":"dashboard/ui/modulos","cod_usuario":"4","extra":{"moduloId":4,"menuId":1,"nextOpen":true}}
{"timestamp":"2026-03-25T23:30:54.369Z","eventName":"toggle_menu","kind":"toggle","module":"dashboard/ui/modulos","cod_usuario":"4","extra":{"moduloId":4,"menuId":1,"nextOpen":true}}
{"timestamp":"2026-03-25T23:30:55.314Z","buttonId":"modulos-select-categoria","label":"Seleccionar categoria","module":"dashboard/ui/modulos","route":"/dashboard//configuracion/crud/commodities","cod_usuario":"4","extra":{"moduloId":4,"menuId":1,"categoriaId":72,"moduloNombre":"Configuracion","menuNombre":"Catalogos","categoriaNombre":"Commodities"}}
{"timestamp":"2026-03-25T23:33:45.053Z","buttonId":"modulos-select-categoria","label":"Seleccionar categoria","module":"dashboard/ui/modulos","route":"/dashboard//configuracion/crud/catalogo_documentacion","cod_usuario":"4","extra":{"moduloId":4,"menuId":1,"categoriaId":16,"moduloNombre":"Configuracion","menuNombre":"Catalogos","categoriaNombre":"Catálogo de Documentación"}}
{"timestamp":"2026-03-25T23:33:47.968Z","buttonId":"modulos-select-categoria","label":"Seleccionar categoria","module":"dashboard/ui/modulos","route":"/dashboard//configuracion/crud/commodities","cod_usuario":"4","extra":{"moduloId":4,"menuId":1,"categoriaId":72,"moduloNombre":"Configuracion","menuNombre":"Catalogos","categoriaNombre":"Commodities"}}
{"timestamp":"2026-03-25T23:33:49.811Z","buttonId":"modulos-select-categoria","label":"Seleccionar categoria","module":"dashboard/ui/modulos","route":"/dashboard//configuracion/crud/catalogo_errores","cod_usuario":"4","extra":{"moduloId":4,"menuId":1,"categoriaId":15,"moduloNombre":"Configuracion","menuNombre":"Catalogos","categoriaNombre":"Catálogo de Errores"}}
{"timestamp":"2026-03-25T23:33:52.507Z","buttonId":"modulos-select-categoria","label":"Seleccionar categoria","module":"dashboard/ui/modulos","route":"/dashboard//configuracion/crud/commodities","cod_usuario":"4","extra":{"moduloId":4,"menuId":1,"categoriaId":72,"moduloNombre":"Configuracion","menuNombre":"Catalogos","categoriaNombre":"Commodities"}}
{"timestamp":"2026-04-06T18:07:37.808Z","buttonId":"modulos-toggle-menu","label":"Abrir menu","module":"dashboard/ui/modulos","cod_usuario":"4","extra":{"moduloId":4,"menuId":3,"nextOpen":true}}
{"timestamp":"2026-04-06T18:07:37.913Z","eventName":"toggle_menu","kind":"toggle","module":"dashboard/ui/modulos","cod_usuario":"4","extra":{"moduloId":4,"menuId":3,"nextOpen":true}}
{"timestamp":"2026-04-06T18:07:38.710Z","buttonId":"modulos-toggle-menu","label":"Cerrar menu","module":"dashboard/ui/modulos","cod_usuario":"4","extra":{"moduloId":4,"menuId":3,"nextOpen":false}}
{"timestamp":"2026-04-06T18:07:38.711Z","eventName":"toggle_menu","kind":"toggle","module":"dashboard/ui/modulos","cod_usuario":"4","extra":{"moduloId":4,"menuId":3,"nextOpen":false}}
{"timestamp":"2026-04-06T18:07:39.648Z","buttonId":"modulos-toggle-menu","label":"Abrir menu","module":"dashboard/ui/modulos","cod_usuario":"4","extra":{"moduloId":4,"menuId":1,"nextOpen":true}}
{"timestamp":"2026-04-06T18:07:39.648Z","eventName":"toggle_menu","kind":"toggle","module":"dashboard/ui/modulos","cod_usuario":"4","extra":{"moduloId":4,"menuId":1,"nextOpen":true}}
{"timestamp":"2026-04-06T18:07:40.544Z","buttonId":"modulos-select-categoria","label":"Seleccionar categoria","module":"dashboard/ui/modulos","route":"/dashboard//configuracion/crud/catalogo_errores","cod_usuario":"4","extra":{"moduloId":4,"menuId":1,"categoriaId":15,"moduloNombre":"Configuracion","menuNombre":"Catalogos","categoriaNombre":"Catálogo de Errores"}}
{"timestamp":"2026-04-06T18:07:42.430Z","buttonId":"modulos-select-categoria","label":"Seleccionar categoria","module":"dashboard/ui/modulos","route":"/dashboard//configuracion/crud/commodities","cod_usuario":"4","extra":{"moduloId":4,"menuId":1,"categoriaId":72,"moduloNombre":"Configuracion","menuNombre":"Catalogos","categoriaNombre":"Commodities"}}
{"timestamp":"2026-04-06T18:07:44.320Z","buttonId":"modulos-select-categoria","label":"Seleccionar categoria","module":"dashboard/ui/modulos","route":"/dashboard//configuracion/crud/catalogo_documentacion","cod_usuario":"4","extra":{"moduloId":4,"menuId":1,"categoriaId":16,"moduloNombre":"Configuracion","menuNombre":"Catalogos","categoriaNombre":"Catálogo de Documentación"}}
{"timestamp":"2026-04-06T18:07:46.050Z","buttonId":"modulos-select-categoria","label":"Seleccionar categoria","module":"dashboard/ui/modulos","route":"/dashboard//configuracion/crud/catalogo_errores","cod_usuario":"4","extra":{"moduloId":4,"menuId":1,"categoriaId":15,"moduloNombre":"Configuracion","menuNombre":"Catalogos","categoriaNombre":"Catálogo de Errores"}}
{"timestamp":"2026-04-06T18:07:48.266Z","buttonId":"modulos-select-categoria","label":"Seleccionar categoria","module":"dashboard/ui/modulos","route":"/dashboard//configuracion/crud/commodities","cod_usuario":"4","extra":{"moduloId":4,"menuId":1,"categoriaId":72,"moduloNombre":"Configuracion","menuNombre":"Catalogos","categoriaNombre":"Commodities"}}
{"timestamp":"2026-04-08T16:50:46.199Z","buttonId":"modulos-toggle-menu","label":"Abrir menu","module":"dashboard/ui/modulos","cod_usuario":"4","extra":{"moduloId":4,"menuId":1,"nextOpen":true}}
{"timestamp":"2026-04-08T16:50:48.068Z","eventName":"toggle_modulo","kind":"toggle","module":"dashboard/ui/modulos","cod_usuario":"4","extra":{"moduloId":4,"nextOpen":true}}
{"timestamp":"2026-04-08T16:50:48.071Z","eventName":"toggle_menu","kind":"toggle","module":"dashboard/ui/modulos","cod_usuario":"4","extra":{"moduloId":4,"menuId":1,"nextOpen":true}}
{"timestamp":"2026-04-08T16:50:49.758Z","buttonId":"modulos-select-categoria","label":"Seleccionar categoria","module":"dashboard/ui/modulos","route":"/dashboard//configuracion/crud/commodities","cod_usuario":"4","extra":{"moduloId":4,"menuId":1,"categoriaId":72,"moduloNombre":"Configuracion","menuNombre":"Catalogos","categoriaNombre":"Commodities"}}
{"timestamp":"2026-04-08T16:59:57.500Z","buttonId":"modulos-toggle-menu","label":"Abrir menu","module":"dashboard/ui/modulos","cod_usuario":"4","extra":{"moduloId":4,"menuId":3,"nextOpen":true}}
{"timestamp":"2026-04-08T16:59:57.508Z","eventName":"toggle_menu","kind":"toggle","module":"dashboard/ui/modulos","cod_usuario":"4","extra":{"moduloId":4,"menuId":3,"nextOpen":true}}
{"timestamp":"2026-04-08T16:59:59.089Z","buttonId":"modulos-toggle-menu","label":"Cerrar menu","module":"dashboard/ui/modulos","cod_usuario":"4","extra":{"moduloId":4,"menuId":3,"nextOpen":false}}
{"timestamp":"2026-04-08T16:59:59.090Z","eventName":"toggle_menu","kind":"toggle","module":"dashboard/ui/modulos","cod_usuario":"4","extra":{"moduloId":4,"menuId":3,"nextOpen":false}}
{"timestamp":"2026-04-08T17:00:00.355Z","buttonId":"modulos-toggle-menu","label":"Abrir menu","module":"dashboard/ui/modulos","cod_usuario":"4","extra":{"moduloId":4,"menuId":1,"nextOpen":true}}
{"timestamp":"2026-04-08T17:00:00.355Z","eventName":"toggle_menu","kind":"toggle","module":"dashboard/ui/modulos","cod_usuario":"4","extra":{"moduloId":4,"menuId":1,"nextOpen":true}}
{"timestamp":"2026-04-08T17:00:01.527Z","buttonId":"modulos-select-categoria","label":"Seleccionar categoria","module":"dashboard/ui/modulos","route":"/dashboard//configuracion/crud/commodities","cod_usuario":"4","extra":{"moduloId":4,"menuId":1,"categoriaId":72,"moduloNombre":"Configuracion","menuNombre":"Catalogos","categoriaNombre":"Commodities"}}
{"timestamp":"2026-04-08T17:00:02.349Z","buttonId":"modulos-select-categoria","label":"Seleccionar categoria","module":"dashboard/ui/modulos","route":"/dashboard//configuracion/crud/catalogo_errores","cod_usuario":"4","extra":{"moduloId":4,"menuId":1,"categoriaId":15,"moduloNombre":"Configuracion","menuNombre":"Catalogos","categoriaNombre":"Catálogo de Errores"}}
{"timestamp":"2026-04-08T17:00:03.808Z","buttonId":"modulos-select-categoria","label":"Seleccionar categoria","module":"dashboard/ui/modulos","route":"/dashboard//configuracion/crud/commodities","cod_usuario":"4","extra":{"moduloId":4,"menuId":1,"categoriaId":72,"moduloNombre":"Configuracion","menuNombre":"Catalogos","categoriaNombre":"Commodities"}}
{"timestamp":"2026-04-08T18:04:38.809Z","buttonId":"modulos-toggle-menu","label":"Abrir menu","module":"dashboard/ui/modulos","cod_usuario":"4","extra":{"moduloId":4,"menuId":1,"nextOpen":true}}
{"timestamp":"2026-04-08T18:04:38.810Z","eventName":"toggle_menu","kind":"toggle","module":"dashboard/ui/modulos","cod_usuario":"4","extra":{"moduloId":4,"menuId":1,"nextOpen":true}}
{"timestamp":"2026-04-08T18:04:39.965Z","buttonId":"modulos-select-categoria","label":"Seleccionar categoria","module":"dashboard/ui/modulos","route":"/dashboard//configuracion/crud/configuracion","cod_usuario":"4","extra":{"moduloId":4,"menuId":1,"categoriaId":45,"moduloNombre":"Configuracion","menuNombre":"Catalogos","categoriaNombre":"Configuracion"}}
{"timestamp":"2026-04-08T18:04:46.576Z","buttonId":"modulos-select-categoria","label":"Seleccionar categoria","module":"dashboard/ui/modulos","route":"/dashboard//configuracion/crud/catalogo_errores","cod_usuario":"4","extra":{"moduloId":4,"menuId":1,"categoriaId":15,"moduloNombre":"Configuracion","menuNombre":"Catalogos","categoriaNombre":"Catálogo de Errores"}}
{"timestamp":"2026-04-08T18:04:48.468Z","buttonId":"modulos-select-categoria","label":"Seleccionar categoria","module":"dashboard/ui/modulos","route":"/dashboard//configuracion/crud/catalogo_documentacion","cod_usuario":"4","extra":{"moduloId":4,"menuId":1,"categoriaId":16,"moduloNombre":"Configuracion","menuNombre":"Catalogos","categoriaNombre":"Catálogo de Documentación"}}
{"timestamp":"2026-04-08T18:04:53.820Z","buttonId":"modulos-toggle-menu","label":"Cerrar menu","module":"dashboard/ui/modulos","cod_usuario":"4","extra":{"moduloId":4,"menuId":1,"nextOpen":false}}
{"timestamp":"2026-04-08T18:04:53.820Z","eventName":"toggle_menu","kind":"toggle","module":"dashboard/ui/modulos","cod_usuario":"4","extra":{"moduloId":4,"menuId":1,"nextOpen":false}}
{"timestamp":"2026-04-08T18:04:54.501Z","eventName":"toggle_modulo","kind":"toggle","module":"dashboard/ui/modulos","cod_usuario":"4","extra":{"moduloId":4,"nextOpen":false}}
{"timestamp":"2026-04-08T18:04:56.265Z","eventName":"toggle_modulo","kind":"toggle","module":"dashboard/ui/modulos","cod_usuario":"4","extra":{"moduloId":9,"nextOpen":true}}
{"timestamp":"2026-04-08T18:04:57.852Z","buttonId":"modulos-toggle-menu","label":"Abrir menu","module":"dashboard/ui/modulos","cod_usuario":"4","extra":{"moduloId":9,"menuId":25,"nextOpen":true}}
{"timestamp":"2026-04-08T18:04:57.852Z","eventName":"toggle_menu","kind":"toggle","module":"dashboard/ui/modulos","cod_usuario":"4","extra":{"moduloId":9,"menuId":25,"nextOpen":true}}
{"timestamp":"2026-04-08T18:04:58.988Z","buttonId":"modulos-select-categoria","label":"Seleccionar categoria","module":"dashboard/ui/modulos","route":"/dashboard//tarifas/tarifa/tarifas","cod_usuario":"4","extra":{"moduloId":9,"menuId":25,"categoriaId":55,"moduloNombre":"Pricing","menuNombre":"Tarifa","categoriaNombre":"Tarifas"}}
{"timestamp":"2026-04-08T18:06:51.281Z","eventName":"toggle_modulo","kind":"toggle","module":"dashboard/ui/modulos","cod_usuario":"4","extra":{"moduloId":4,"nextOpen":true}}
{"timestamp":"2026-04-08T18:06:52.430Z","buttonId":"modulos-toggle-menu","label":"Abrir menu","module":"dashboard/ui/modulos","cod_usuario":"4","extra":{"moduloId":4,"menuId":1,"nextOpen":true}}
{"timestamp":"2026-04-08T18:06:52.435Z","eventName":"toggle_menu","kind":"toggle","module":"dashboard/ui/modulos","cod_usuario":"4","extra":{"moduloId":4,"menuId":1,"nextOpen":true}}
{"timestamp":"2026-04-08T18:06:54.776Z","buttonId":"modulos-select-categoria","label":"Seleccionar categoria","module":"dashboard/ui/modulos","route":"/dashboard//configuracion/crud/commodities","cod_usuario":"4","extra":{"moduloId":4,"menuId":1,"categoriaId":72,"moduloNombre":"Configuracion","menuNombre":"Catalogos","categoriaNombre":"Commodities"}}
{"timestamp":"2026-04-08T18:12:11.273Z","buttonId":"modulos-select-categoria","label":"Seleccionar categoria","module":"dashboard/ui/modulos","route":"/dashboard//configuracion/crud/commodities","cod_usuario":"4","extra":{"moduloId":4,"menuId":1,"categoriaId":72,"moduloNombre":"Configuracion","menuNombre":"Catalogos","categoriaNombre":"Commodities"}}
{"timestamp":"2026-04-08T18:12:13.573Z","eventName":"toggle_modulo","kind":"toggle","module":"dashboard/ui/modulos","cod_usuario":"4","extra":{"moduloId":9,"nextOpen":true}}
{"timestamp":"2026-04-08T18:12:15.193Z","buttonId":"modulos-toggle-menu","label":"Abrir menu","module":"dashboard/ui/modulos","cod_usuario":"4","extra":{"moduloId":9,"menuId":25,"nextOpen":true}}
{"timestamp":"2026-04-08T18:12:15.193Z","eventName":"toggle_menu","kind":"toggle","module":"dashboard/ui/modulos","cod_usuario":"4","extra":{"moduloId":9,"menuId":25,"nextOpen":true}}
{"timestamp":"2026-04-08T18:12:16.388Z","buttonId":"modulos-select-categoria","label":"Seleccionar categoria","module":"dashboard/ui/modulos","route":"/dashboard//tarifas/tarifa/tarifas","cod_usuario":"4","extra":{"moduloId":9,"menuId":25,"categoriaId":55,"moduloNombre":"Pricing","menuNombre":"Tarifa","categoriaNombre":"Tarifas"}}
{"timestamp":"2026-04-08T18:25:32.487Z","buttonId":"modulos-toggle-menu","label":"Abrir menu","module":"dashboard/ui/modulos","cod_usuario":"4","extra":{"moduloId":9,"menuId":79,"nextOpen":true}}
{"timestamp":"2026-04-08T18:25:32.488Z","eventName":"toggle_menu","kind":"toggle","module":"dashboard/ui/modulos","cod_usuario":"4","extra":{"moduloId":9,"menuId":79,"nextOpen":true}}
{"timestamp":"2026-04-08T18:25:33.983Z","buttonId":"modulos-toggle-menu","label":"Cerrar menu","module":"dashboard/ui/modulos","cod_usuario":"4","extra":{"moduloId":9,"menuId":79,"nextOpen":false}}
{"timestamp":"2026-04-08T18:25:33.983Z","eventName":"toggle_menu","kind":"toggle","module":"dashboard/ui/modulos","cod_usuario":"4","extra":{"moduloId":9,"menuId":79,"nextOpen":false}}
{"timestamp":"2026-04-08T18:25:34.954Z","buttonId":"modulos-toggle-menu","label":"Abrir menu","module":"dashboard/ui/modulos","cod_usuario":"4","extra":{"moduloId":9,"menuId":25,"nextOpen":true}}
{"timestamp":"2026-04-08T18:25:34.955Z","eventName":"toggle_menu","kind":"toggle","module":"dashboard/ui/modulos","cod_usuario":"4","extra":{"moduloId":9,"menuId":25,"nextOpen":true}}
{"timestamp":"2026-04-08T18:25:36.131Z","buttonId":"modulos-select-categoria","label":"Seleccionar categoria","module":"dashboard/ui/modulos","route":"/dashboard//tarifas/tarifa/tarifas","cod_usuario":"4","extra":{"moduloId":9,"menuId":25,"categoriaId":55,"moduloNombre":"Pricing","menuNombre":"Tarifa","categoriaNombre":"Tarifas"}}
{"timestamp":"2026-04-08T21:35:44.777Z","eventName":"modulos_filter_change","kind":"input_change","module":"dashboard/ui/modulos","cod_usuario":"4","extra":{"valueLength":1}}
{"timestamp":"2026-04-08T21:35:44.803Z","eventName":"modulos_filter_change","kind":"input_change","module":"dashboard/ui/modulos","cod_usuario":"4","extra":{"valueLength":2}}
{"timestamp":"2026-04-08T21:35:44.853Z","eventName":"modulos_filter_change","kind":"input_change","module":"dashboard/ui/modulos","cod_usuario":"4","extra":{"valueLength":3}}
{"timestamp":"2026-04-08T21:35:46.140Z","eventName":"toggle_menu","kind":"toggle","module":"dashboard/ui/modulos","cod_usuario":"4","extra":{"moduloId":9,"menuId":25,"nextOpen":true}}
{"timestamp":"2026-04-08T21:35:46.275Z","buttonId":"modulos-toggle-menu","label":"Abrir menu","module":"dashboard/ui/modulos","cod_usuario":"4","extra":{"moduloId":9,"menuId":25,"nextOpen":true}}
